<?xml version="1.0" encoding="UTF-8"?>
<!-- Generated by org.testng.reporters.JUnitReportReporter -->
<testsuite skipped="5" hostname="PDCDT01GY4ZVQ1" name="com.TestPages.CreateWishList" tests="6" failures="0" timestamp="2020-02-06T07:19:55 GMT" time="2.459" errors="1">
  <testcase name="FourthTest" time="0.000" classname="com.TestPages.CreateWishList">
    <skipped/>
  </testcase> <!-- FourthTest -->
  <system-out/>
  <testcase name="SecondTest" time="0.000" classname="com.TestPages.CreateWishList">
    <skipped/>
  </testcase> <!-- SecondTest -->
  <system-out/>
  <testcase name="beforeClass" time="2.459" classname="com.TestPages.CreateWishList">
    <error type="org.apache.commons.mail.EmailException" message="Sending the email to the following server failed : smtp.gmail.com:465">
      <![CDATA[org.apache.commons.mail.EmailException: Sending the email to the following server failed : smtp.gmail.com:465
at org.apache.commons.mail.Email.sendMimeMessage(Email.java:1469)
at org.apache.commons.mail.Email.send(Email.java:1496)
at com.TestPages.CreateWishList.beforeClass(CreateWishList.java:50)
at sun.reflect.NativeMethodAccessorImpl.invoke0(Native Method)
at sun.reflect.NativeMethodAccessorImpl.invoke(Unknown Source)
at sun.reflect.DelegatingMethodAccessorImpl.invoke(Unknown Source)
at java.lang.reflect.Method.invoke(Unknown Source)
at org.testng.internal.MethodInvocationHelper.invokeMethod(MethodInvocationHelper.java:134)
at org.testng.internal.MethodInvocationHelper.invokeMethodConsideringTimeout(MethodInvocationHelper.java:63)
at org.testng.internal.ConfigInvoker.invokeConfigurationMethod(ConfigInvoker.java:348)
at org.testng.internal.ConfigInvoker.invokeConfigurations(ConfigInvoker.java:302)
at org.testng.internal.TestMethodWorker.invokeBeforeClassMethods(TestMethodWorker.java:176)
at org.testng.internal.TestMethodWorker.run(TestMethodWorker.java:122)
at java.util.ArrayList.forEach(Unknown Source)
at org.testng.TestRunner.privateRun(TestRunner.java:766)
at org.testng.TestRunner.run(TestRunner.java:587)
at org.testng.SuiteRunner.runTest(SuiteRunner.java:384)
at org.testng.SuiteRunner.runSequentially(SuiteRunner.java:378)
at org.testng.SuiteRunner.privateRun(SuiteRunner.java:337)
at org.testng.SuiteRunner.run(SuiteRunner.java:286)
at org.testng.SuiteRunnerWorker.runSuite(SuiteRunnerWorker.java:53)
at org.testng.SuiteRunnerWorker.run(SuiteRunnerWorker.java:96)
at org.testng.TestNG.runSuitesSequentially(TestNG.java:1187)
at org.testng.TestNG.runSuitesLocally(TestNG.java:1109)
at org.testng.TestNG.runSuites(TestNG.java:1039)
at org.testng.TestNG.run(TestNG.java:1007)
at org.testng.remote.AbstractRemoteTestNG.run(AbstractRemoteTestNG.java:115)
at org.testng.remote.RemoteTestNG.initAndRun(RemoteTestNG.java:251)
at org.testng.remote.RemoteTestNG.main(RemoteTestNG.java:77)
Caused by: javax.mail.AuthenticationFailedException: 535-5.7.8 Username and Password not accepted. Learn more at
535 5.7.8  https://support.google.com/mail/?p=BadCredentials v10sm2151902pgk.24 - gsmtp

at com.sun.mail.smtp.SMTPTransport$Authenticator.authenticate(SMTPTransport.java:932)
at com.sun.mail.smtp.SMTPTransport.authenticate(SMTPTransport.java:843)
at com.sun.mail.smtp.SMTPTransport.protocolConnect(SMTPTransport.java:748)
at javax.mail.Service.connect(Service.java:388)
at javax.mail.Service.connect(Service.java:246)
at javax.mail.Service.connect(Service.java:195)
at javax.mail.Transport.send0(Transport.java:254)
at javax.mail.Transport.send(Transport.java:124)
at org.apache.commons.mail.Email.sendMimeMessage(Email.java:1459)
... 28 more
]]>
    </error>
  </testcase> <!-- beforeClass -->
  <system-out/>
  <testcase name="ThirdTest" time="0.000" classname="com.TestPages.CreateWishList">
    <skipped/>
  </testcase> <!-- ThirdTest -->
  <system-out/>
  <testcase name="FifthTest" time="0.000" classname="com.TestPages.CreateWishList">
    <skipped/>
  </testcase> <!-- FifthTest -->
  <system-out/>
  <testcase name="FirstTest" time="0.000" classname="com.TestPages.CreateWishList">
    <skipped/>
  </testcase> <!-- FirstTest -->
  <system-out/>
</testsuite> <!-- com.TestPages.CreateWishList -->
